
> a9s@0.1.0 dev:local /Users/elran777/git/IamShobe/a9s
> AWS_ENDPOINT_URL=http://localhost:4566 AWS_REGION=us-east-1 AWS_ACCESS_KEY_ID=test AWS_SECRET_ACCESS_KEY=test tsx src/index.tsx

[?1049h[HResolving(------------)·us-east-1·[$default]
resolving
 S3  s3://
🪣 Buckets

No items

















 ◉ j / ↓ down • k / ↑ up • / search mode • ? help
[2K[1A[2K[1A[2K[1A[2K[1A[2K[1A[2K[1A[2K[1A[2K[1A[2K[1A[2K[1A[2K[1A[2K[1A[2K[1A[2K[1A[2K[1A[2K[1A[2K[1A[2K[1A[2K[1A[2K[1A[2K[1A[2K[1A[2K[1A[2K[1A[2K[GLocalStack (local)(000000000000)·us-east-1·[$default]                          ⠋
test
 S3  s3://
Select AWS Resource

Resource                               │ Description
───────────────────────────────────────┼───────────────────────────────────────
s3                                     │ S3 service
route53                                │ ROUTE53 service
dynamodb                               │ DYNAMODB service
iam                                    │ IAM service












  j / ↓ move down • k / ↑ move up • g g top • G bottom • / filter • Enter conf…
[2K[1A[2K[1A[2K[1A[2K[1A[2K[1A[2K[1A[2K[1A[2K[1A[2K[1A[2K[1A[2K[1A[2K[1A[2K[1A[2K[1A[2K[1A[2K[1A[2K[1A[2K[1A[2K[1A[2K[1A[2K[1A[2K[1A[2K[1A[2K[1A[2K[GLocalStack (local)(000000000000)·us-east-1·[$default]
test
 S3  s3://
Select AWS Resource

Resource                               │ Description
───────────────────────────────────────┼───────────────────────────────────────
s3                                     │ S3 service
route53                                │ ROUTE53 service
dynamodb                               │ DYNAMODB service
iam                                    │ IAM service












  j / ↓ move down • k / ↑ move up • g g top • G bottom • / filter • Enter conf…
[2K[1A[2K[1A[2K[1A[2K[1A[2K[1A[2K[1A[2K[1A[2K[1A[2K[1A[2K[1A[2K[1A[2K[1A[2K[1A[2K[1A[2K[1A[2K[1A[2K[1A[2K[1A[2K[1A[2K[1A[2K[1A[2K[1A[2K[1A[2K[1A[2K[GLocalStack (local)(000000000000)·us-east-1·[$default]
test
 S3  s3://
Select AWS Resource

Resource                               │ Description
───────────────────────────────────────┼───────────────────────────────────────
s3                                     │ S3 service
route53                                │ ROUTE53 service
dynamodb                               │ DYNAMODB service
iam                                    │ IAM service












 / Type to filter
[2K[1A[2K[1A[2K[1A[2K[1A[2K[1A[2K[1A[2K[1A[2K[1A[2K[1A[2K[1A[2K[1A[2K[1A[2K[1A[2K[1A[2K[1A[2K[1A[2K[1A[2K[1A[2K[1A[2K[1A[2K[1A[2K[1A[2K[1A[2K[1A[2K[GLocalStack (local)(000000000000)·us-east-1·[$default]
test
 S3  s3://
Select AWS Resource

Resource                               │ Description
───────────────────────────────────────┼───────────────────────────────────────
dynamodb                               │ DYNAMODB service
iam                                    │ IAM service














 / a
[2K[1A[2K[1A[2K[1A[2K[1A[2K[1A[2K[1A[2K[1A[2K[1A[2K[1A[2K[1A[2K[1A[2K[1A[2K[1A[2K[1A[2K[1A[2K[1A[2K[1A[2K[1A[2K[1A[2K[1A[2K[1A[2K[1A[2K[1A[2K[1A[2K[GLocalStack (local)(000000000000)·us-east-1·[$default]
test
 S3  s3://
Select AWS Resource

Resource                               │ Description
───────────────────────────────────────┼───────────────────────────────────────
No results for "as"















 / as
[2K[1A[2K[1A[2K[1A[2K[1A[2K[1A[2K[1A[2K[1A[2K[1A[2K[1A[2K[1A[2K[1A[2K[1A[2K[1A[2K[1A[2K[1A[2K[1A[2K[1A[2K[1A[2K[1A[2K[1A[2K[1A[2K[1A[2K[1A[2K[1A[2K[GLocalStack (local)(000000000000)·us-east-1·[$default]
test
 S3  s3://
Select AWS Resource

Resource                               │ Description
───────────────────────────────────────┼───────────────────────────────────────
No results for "asd"















 / asd
[2K[1A[2K[1A[2K[1A[2K[1A[2K[1A[2K[1A[2K[1A[2K[1A[2K[1A[2K[1A[2K[1A[2K[1A[2K[1A[2K[1A[2K[1A[2K[1A[2K[1A[2K[1A[2K[1A[2K[1A[2K[1A[2K[1A[2K[1A[2K[1A[2K[GLocalStack (local)(000000000000)·us-east-1·[$default]
test
 S3  s3://
Select AWS Resource

Resource                               │ Description
───────────────────────────────────────┼───────────────────────────────────────
No results for "asdd"















 / asdd
[2K[1A[2K[1A[2K[1A[2K[1A[2K[1A[2K[1A[2K[1A[2K[1A[2K[1A[2K[1A[2K[1A[2K[1A[2K[1A[2K[1A[2K[1A[2K[1A[2K[1A[2K[1A[2K[1A[2K[1A[2K[1A[2K[1A[2K[1A[2K[1A[2K[GLocalStack (local)(000000000000)·us-east-1·[$default]
test
 S3  s3://
Select AWS Resource

Resource                               │ Description
───────────────────────────────────────┼───────────────────────────────────────
No results for "asdda"















 / asdda
[2K[1A[2K[1A[2K[1A[2K[1A[2K[1A[2K[1A[2K[1A[2K[1A[2K[1A[2K[1A[2K[1A[2K[1A[2K[1A[2K[1A[2K[1A[2K[1A[2K[1A[2K[1A[2K[1A[2K[1A[2K[1A[2K[1A[2K[1A[2K[1A[2K[GLocalStack (local)(000000000000)·us-east-1·[$default]
test
 S3  s3://
Select AWS Resource

Resource                               │ Description
───────────────────────────────────────┼───────────────────────────────────────
No results for "asddas"















 / asddas
[2K[1A[2K[1A[2K[1A[2K[1A[2K[1A[2K[1A[2K[1A[2K[1A[2K[1A[2K[1A[2K[1A[2K[1A[2K[1A[2K[1A[2K[1A[2K[1A[2K[1A[2K[1A[2K[1A[2K[1A[2K[1A[2K[1A[2K[1A[2K[1A[2K[GLocalStack (local)(000000000000)·us-east-1·[$default]
test
 S3  s3://
Select AWS Resource

Resource                               │ Description
───────────────────────────────────────┼───────────────────────────────────────
No results for "asdda"















 / asdda
[2K[1A[2K[1A[2K[1A[2K[1A[2K[1A[2K[1A[2K[1A[2K[1A[2K[1A[2K[1A[2K[1A[2K[1A[2K[1A[2K[1A[2K[1A[2K[1A[2K[1A[2K[1A[2K[1A[2K[1A[2K[1A[2K[1A[2K[1A[2K[1A[2K[GLocalStack (local)(000000000000)·us-east-1·[$default]
test
 S3  s3://
Select AWS Resource

Resource                               │ Description
───────────────────────────────────────┼───────────────────────────────────────
No results for "asdd"















 / asdd
[2K[1A[2K[1A[2K[1A[2K[1A[2K[1A[2K[1A[2K[1A[2K[1A[2K[1A[2K[1A[2K[1A[2K[1A[2K[1A[2K[1A[2K[1A[2K[1A[2K[1A[2K[1A[2K[1A[2K[1A[2K[1A[2K[1A[2K[1A[2K[1A[2K[GLocalStack (local)(000000000000)·us-east-1·[$default]
test
 S3  s3://
Select AWS Resource

Resource                               │ Description
───────────────────────────────────────┼───────────────────────────────────────
No results for "asd"















 / asd
[2K[1A[2K[1A[2K[1A[2K[1A[2K[1A[2K[1A[2K[1A[2K[1A[2K[1A[2K[1A[2K[1A[2K[1A[2K[1A[2K[1A[2K[1A[2K[1A[2K[1A[2K[1A[2K[1A[2K[1A[2K[1A[2K[1A[2K[1A[2K[1A[2K[GLocalStack (local)(000000000000)·us-east-1·[$default]
test
 S3  s3://
Select AWS Resource

Resource                               │ Description
───────────────────────────────────────┼───────────────────────────────────────
No results for "as"















 / as
[2K[1A[2K[1A[2K[1A[2K[1A[2K[1A[2K[1A[2K[1A[2K[1A[2K[1A[2K[1A[2K[1A[2K[1A[2K[1A[2K[1A[2K[1A[2K[1A[2K[1A[2K[1A[2K[1A[2K[1A[2K[1A[2K[1A[2K[1A[2K[1A[2K[GLocalStack (local)(000000000000)·us-east-1·[$default]
test
 S3  s3://
Select AWS Resource

Resource                               │ Description
───────────────────────────────────────┼───────────────────────────────────────
dynamodb                               │ DYNAMODB service
iam                                    │ IAM service














 / a
[2K[1A[2K[1A[2K[1A[2K[1A[2K[1A[2K[1A[2K[1A[2K[1A[2K[1A[2K[1A[2K[1A[2K[1A[2K[1A[2K[1A[2K[1A[2K[1A[2K[1A[2K[1A[2K[1A[2K[1A[2K[1A[2K[1A[2K[1A[2K[1A[2K[GLocalStack (local)(000000000000)·us-east-1·[$default]
test
 S3  s3://
Select AWS Resource

Resource                               │ Description
───────────────────────────────────────┼───────────────────────────────────────
s3                                     │ S3 service
route53                                │ ROUTE53 service
dynamodb                               │ DYNAMODB service
iam                                    │ IAM service












  j / ↓ move down • k / ↑ move up • g g top • G bottom • / filter • Enter conf…
[?1049l